# JRE version: Java(TM) SE Runtime Environment (24.0.1+9) (build 24.0.1+9-30)
# Java VM: Java HotSpot(TM) 64-Bit Server VM (24.0.1+9-30, mixed mode, emulated-client, sharing, tiered, compressed oops, compressed class ptrs, g1 gc, windows-amd64)
GC Precious Log:
 CardTable entry size: 512
 Card Set container configuration: InlinePtr #cards 5 size 8 Array Of Cards #cards 10 size 36 Howl #buckets 4 coarsen threshold 1843 Howl Bitmap #cards 512 size 80 coarsen threshold 460 Card regions per heap region 1 cards per card region 2048
 CPUs: 8 total, 8 available
 Memory: 7975M
 Large Page Support: Disabled
 NUMA Support: Disabled
 Compressed Oops: Enabled (32-bit)
 Heap Region Size: 1M
 Heap Min Capacity: 8M
 Heap Initial Capacity: 126M
 Heap Max Capacity: 1994M
 Pre-touch: Disabled
 Parallel Workers: 8
 Concurrent Workers: 2
 Concurrent Refinement Workers: 8
 Periodic GC: Disabled
Heap:
 garbage-first heap   total reserved 2041856K, committed 56320K, used 24886K [0x0000000083600000, 0x0000000100000000)
  region size 1024K, 7 young (7168K), 3 survivors (3072K)
 Metaspace       used 34112K, committed 34752K, reserved 1114112K
  class space    used 3948K, committed 4224K, reserved 1048576K
GC Heap History (18 events):
Event: 3.280 GC heap before
{Heap before GC invocations=0 (full 0):
 garbage-first heap   total reserved 2041856K, committed 131072K, used 49268K [0x0000000083600000, 0x0000000100000000)
  region size 1024K, 47 young (48128K), 0 survivors (0K)
 Metaspace       used 11212K, committed 11520K, reserved 1114112K
  class space    used 1274K, committed 1408K, reserved 1048576K
}
Event: 3.293 GC heap after
{Heap after GC invocations=1 (full 0):
 garbage-first heap   total reserved 2041856K, committed 131072K, used 7594K [0x0000000083600000, 0x0000000100000000)
  region size 1024K, 6 young (6144K), 6 survivors (6144K)
 Metaspace       used 11212K, committed 11520K, reserved 1114112K
  class space    used 1274K, committed 1408K, reserved 1048576K
}
Event: 5.059 GC heap before
{Heap before GC invocations=1 (full 0):
 garbage-first heap   total reserved 2041856K, committed 131072K, used 60842K [0x0000000083600000, 0x0000000100000000)
  region size 1024K, 59 young (60416K), 6 survivors (6144K)
 Metaspace       used 20685K, committed 21056K, reserved 1114112K
  class space    used 2326K, committed 2496K, reserved 1048576K
}
Event: 5.067 GC heap after
{Heap after GC invocations=2 (full 0):
 garbage-first heap   total reserved 2041856K, committed 131072K, used 12349K [0x0000000083600000, 0x0000000100000000)
  region size 1024K, 5 young (5120K), 5 survivors (5120K)
 Metaspace       used 20685K, committed 21056K, reserved 1114112K
  class space    used 2326K, committed 2496K, reserved 1048576K
}
Event: 5.131 GC heap before
{Heap before GC invocations=2 (full 0):
 garbage-first heap   total reserved 2041856K, committed 131072K, used 14397K [0x0000000083600000, 0x0000000100000000)
  region size 1024K, 8 young (8192K), 5 survivors (5120K)
 Metaspace       used 21125K, committed 21504K, reserved 1114112K
  class space    used 2371K, committed 2560K, reserved 1048576K
}
Event: 5.134 GC heap after
{Heap after GC invocations=3 (full 0):
 garbage-first heap   total reserved 2041856K, committed 131072K, used 12144K [0x0000000083600000, 0x0000000100000000)
  region size 1024K, 5 young (5120K), 5 survivors (5120K)
 Metaspace       used 21125K, committed 21504K, reserved 1114112K
  class space    used 2371K, committed 2560K, reserved 1048576K
}
Event: 8.968 GC heap before
{Heap before GC invocations=4 (full 0):
 garbage-first heap   total reserved 2041856K, committed 48128K, used 45936K [0x0000000083600000, 0x0000000100000000)
  region size 1024K, 38 young (38912K), 5 survivors (5120K)
 Metaspace       used 25461K, committed 25856K, reserved 1114112K
  class space    used 2911K, committed 3072K, reserved 1048576K
}
Event: 8.974 GC heap after
{Heap after GC invocations=5 (full 0):
 garbage-first heap   total reserved 2041856K, committed 56320K, used 15485K [0x0000000083600000, 0x0000000100000000)
  region size 1024K, 8 young (8192K), 8 survivors (8192K)
 Metaspace       used 25461K, committed 25856K, reserved 1114112K
  class space    used 2911K, committed 3072K, reserved 1048576K
}
Event: 9.700 GC heap before
{Heap before GC invocations=5 (full 0):
 garbage-first heap   total reserved 2041856K, committed 56320K, used 41085K [0x0000000083600000, 0x0000000100000000)
  region size 1024K, 33 young (33792K), 8 survivors (8192K)
 Metaspace       used 29701K, committed 30144K, reserved 1114112K
  class space    used 3366K, committed 3584K, reserved 1048576K
}
Event: 9.704 GC heap after
{Heap after GC invocations=6 (full 0):
 garbage-first heap   total reserved 2041856K, committed 56320K, used 18094K [0x0000000083600000, 0x0000000100000000)
  region size 1024K, 4 young (4096K), 4 survivors (4096K)
 Metaspace       used 29701K, committed 30144K, reserved 1114112K
  class space    used 3366K, committed 3584K, reserved 1048576K
}
Event: 10.303 GC heap before
{Heap before GC invocations=6 (full 0):
 garbage-first heap   total reserved 2041856K, committed 56320K, used 42670K [0x0000000083600000, 0x0000000100000000)
  region size 1024K, 28 young (28672K), 4 survivors (4096K)
 Metaspace       used 32688K, committed 33216K, reserved 1114112K
  class space    used 3753K, committed 3968K, reserved 1048576K
}
Event: 10.307 GC heap after
{Heap after GC invocations=7 (full 0):
 garbage-first heap   total reserved 2041856K, committed 56320K, used 20766K [0x0000000083600000, 0x0000000100000000)
  region size 1024K, 3 young (3072K), 3 survivors (3072K)
 Metaspace       used 32688K, committed 33216K, reserved 1114112K
  class space    used 3753K, committed 3968K, reserved 1048576K
}
Event: 15.163 GC heap before
{Heap before GC invocations=7 (full 0):
 garbage-first heap   total reserved 2041856K, committed 56320K, used 23838K [0x0000000083600000, 0x0000000100000000)
  region size 1024K, 8 young (8192K), 3 survivors (3072K)
 Metaspace       used 32874K, committed 33472K, reserved 1114112K
  class space    used 3793K, committed 4032K, reserved 1048576K
}
Event: 15.185 GC heap after
{Heap after GC invocations=8 (full 1):
 garbage-first heap   total reserved 2041856K, committed 56320K, used 17478K [0x0000000083600000, 0x0000000100000000)
  region size 1024K, 0 young (0K), 0 survivors (0K)
 Metaspace       used 32874K, committed 33472K, reserved 1114112K
  class space    used 3793K, committed 4032K, reserved 1048576K
}
Event: 15.458 GC heap before
{Heap before GC invocations=8 (full 1):
 garbage-first heap   total reserved 2041856K, committed 56320K, used 43078K [0x0000000083600000, 0x0000000100000000)
  region size 1024K, 25 young (25600K), 0 survivors (0K)
 Metaspace       used 32925K, committed 33536K, reserved 1114112K
  class space    used 3802K, committed 4032K, reserved 1048576K
}
Event: 15.460 GC heap after
{Heap after GC invocations=9 (full 1):
 garbage-first heap   total reserved 2041856K, committed 56320K, used 20550K [0x0000000083600000, 0x0000000100000000)
  region size 1024K, 3 young (3072K), 3 survivors (3072K)
 Metaspace       used 32925K, committed 33536K, reserved 1114112K
  class space    used 3802K, committed 4032K, reserved 1048576K
}
Event: 22.641 GC heap before
{Heap before GC invocations=9 (full 1):
 garbage-first heap   total reserved 2041856K, committed 56320K, used 44102K [0x0000000083600000, 0x0000000100000000)
  region size 1024K, 27 young (27648K), 3 survivors (3072K)
 Metaspace       used 33897K, committed 34432K, reserved 1114112K
  class space    used 3919K, committed 4160K, reserved 1048576K
}
Event: 22.644 GC heap after
{Heap after GC invocations=10 (full 1):
 garbage-first heap   total reserved 2041856K, committed 56320K, used 21814K [0x0000000083600000, 0x0000000100000000)
  region size 1024K, 3 young (3072K), 3 survivors (3072K)
 Metaspace       used 33897K, committed 34432K, reserved 1114112K
  class space    used 3919K, committed 4160K, reserved 1048576K
}

